<?xml version="1.0" encoding="utf-8"?><testsuites name="pytest tests"><testsuite name="pytest" errors="0" failures="0" skipped="0" tests="36" time="7.633" timestamp="2026-06-11T04:55:25.982409+00:00" hostname="agent-env-bf6d65ea-f67d-4a64-8a08-c27708555f5b"><testcase classname="backend.tests.backend_test" name="test_root" time="0.266" /><testcase classname="backend.tests.backend_test.TestAuth" name="test_register_sets_cookie" time="0.374" /><testcase classname="backend.tests.backend_test.TestAuth" name="test_register_duplicate_email_returns_400" time="0.453" /><testcase classname="backend.tests.backend_test.TestAuth" name="test_login_success_and_me" time="0.378" /><testcase classname="backend.tests.backend_test.TestAuth" name="test_login_invalid_credentials" time="0.318" /><testcase classname="backend.tests.backend_test.TestAuth" name="test_me_unauthenticated" time="0.099" /><testcase classname="backend.tests.backend_test.TestAuth" name="test_logout_clears_cookie" time="0.414" /><testcase classname="backend.tests.backend_test.TestMatches" name="test_list_all_matches" time="0.108" /><testcase classname="backend.tests.backend_test.TestMatches" name="test_filter_by_stage" time="0.105" /><testcase classname="backend.tests.backend_test.TestMatches" name="test_filter_by_group" time="0.114" /><testcase classname="backend.tests.backend_test.TestMatches" name="test_get_single_match" time="0.106" /><testcase classname="backend.tests.backend_test.TestMatches" name="test_match_not_found" time="0.102" /><testcase classname="backend.tests.backend_test.TestTeams" name="test_list_teams" time="0.106" /><testcase classname="backend.tests.backend_test.TestTeams" name="test_get_team_detail" time="0.210" /><testcase classname="backend.tests.backend_test.TestTeams" name="test_team_not_found" time="0.106" /><testcase classname="backend.tests.backend_test.TestStadiums" name="test_list_stadiums" time="0.112" /><testcase classname="backend.tests.backend_test.TestStadiums" name="test_get_stadium_detail" time="0.211" /><testcase classname="backend.tests.backend_test.TestPredictions" name="test_create_and_get_prediction" time="0.405" /><testcase classname="backend.tests.backend_test.TestPredictions" name="test_update_prediction_upsert" time="0.165" /><testcase classname="backend.tests.backend_test.TestPredictions" name="test_prediction_locked_for_started_match" time="0.044" /><testcase classname="backend.tests.backend_test.TestPredictions" name="test_prediction_requires_auth" time="0.096" /><testcase classname="backend.tests.backend_test.TestPredictions" name="test_prediction_invalid_match" time="0.048" /><testcase classname="backend.tests.backend_test.TestPredictionLockRule" name="test_accepted_when_kickoff_more_than_1h_away" time="0.044" /><testcase classname="backend.tests.backend_test.TestPredictionLockRule" name="test_rejected_when_kickoff_within_1h" time="0.042" /><testcase classname="backend.tests.backend_test.TestPredictionLockRule" name="test_rejected_when_kickoff_already_past" time="0.042" /><testcase classname="backend.tests.backend_test.TestPredictionLockRule" name="test_rejected_exactly_at_lock_boundary" time="0.042" /><testcase classname="backend.tests.backend_test.TestAwards" name="test_submit_awards" time="0.083" /><testcase classname="backend.tests.backend_test.TestAwards" name="test_awards_requires_auth" time="0.100" /><testcase classname="backend.tests.backend_test.TestLeaderboard" name="test_global_leaderboard" time="0.106" /><testcase classname="backend.tests.backend_test.TestLeaderboardCleanliness" name="test_only_real_users_present" time="0.000" /><testcase classname="backend.tests.backend_test.TestLeaderboardCleanliness" name="test_leaderboard_row_shape" time="0.104" /><testcase classname="backend.tests.backend_test.TestAdminScoring" name="test_admin_stats_requires_admin" time="0.042" /><testcase classname="backend.tests.backend_test.TestAdminScoring" name="test_admin_stats_ok" time="0.374" /><testcase classname="backend.tests.backend_test.TestAdminScoring" name="test_admin_non_admin_set_result_forbidden" time="0.044" /><testcase classname="backend.tests.backend_test.TestAdminScoring" name="test_scoring_math_three_users" time="1.508" /><testcase classname="backend.tests.backend_test.TestAdminScoring" name="test_admin_award_winners_scoring" time="0.584" /></testsuite></testsuites>