<?xml version="1.0" encoding="utf-8"?><testsuites name="pytest tests"><testsuite name="pytest" errors="0" failures="0" skipped="0" tests="39" time="8.586" timestamp="2026-06-11T05:34:49.570079+00:00" hostname="agent-env-bf6d65ea-f67d-4a64-8a08-c27708555f5b"><testcase classname="backend.tests.backend_test" name="test_root" time="0.433" /><testcase classname="backend.tests.backend_test.TestAuth" name="test_register_sets_cookie" time="0.405" /><testcase classname="backend.tests.backend_test.TestAuth" name="test_register_duplicate_email_returns_400" time="0.463" /><testcase classname="backend.tests.backend_test.TestAuth" name="test_login_success_and_me" time="0.372" /><testcase classname="backend.tests.backend_test.TestAuth" name="test_login_invalid_credentials" time="0.359" /><testcase classname="backend.tests.backend_test.TestAuth" name="test_me_unauthenticated" time="0.134" /><testcase classname="backend.tests.backend_test.TestAuth" name="test_logout_clears_cookie" time="0.491" /><testcase classname="backend.tests.backend_test.TestMatches" name="test_list_all_matches" time="0.215" /><testcase classname="backend.tests.backend_test.TestMatches" name="test_filter_by_stage" time="0.136" /><testcase classname="backend.tests.backend_test.TestMatches" name="test_filter_by_group" time="0.100" /><testcase classname="backend.tests.backend_test.TestMatches" name="test_get_single_match" time="0.097" /><testcase classname="backend.tests.backend_test.TestMatches" name="test_match_not_found" time="0.099" /><testcase classname="backend.tests.backend_test.TestMatches" name="test_all_match_times_are_iso8601_z" time="0.103" /><testcase classname="backend.tests.backend_test.TestMatches" name="test_match1_kickoff_is_15et_in_utc" time="0.102" /><testcase classname="backend.tests.backend_test.TestMatches" name="test_match104_final_kickoff_is_15et_in_utc" time="0.102" /><testcase classname="backend.tests.backend_test.TestTeams" name="test_list_teams" time="0.100" /><testcase classname="backend.tests.backend_test.TestTeams" name="test_get_team_detail" time="0.216" /><testcase classname="backend.tests.backend_test.TestTeams" name="test_team_not_found" time="0.147" /><testcase classname="backend.tests.backend_test.TestStadiums" name="test_list_stadiums" time="0.097" /><testcase classname="backend.tests.backend_test.TestStadiums" name="test_get_stadium_detail" time="0.197" /><testcase classname="backend.tests.backend_test.TestPredictions" name="test_create_and_get_prediction" time="0.469" /><testcase classname="backend.tests.backend_test.TestPredictions" name="test_update_prediction_upsert" time="0.165" /><testcase classname="backend.tests.backend_test.TestPredictions" name="test_prediction_locked_for_started_match" time="0.055" /><testcase classname="backend.tests.backend_test.TestPredictions" name="test_prediction_requires_auth" time="0.160" /><testcase classname="backend.tests.backend_test.TestPredictions" name="test_prediction_invalid_match" time="0.057" /><testcase classname="backend.tests.backend_test.TestPredictionLockRule" name="test_accepted_when_kickoff_more_than_1h_away" time="0.059" /><testcase classname="backend.tests.backend_test.TestPredictionLockRule" name="test_rejected_when_kickoff_within_1h" time="0.063" /><testcase classname="backend.tests.backend_test.TestPredictionLockRule" name="test_rejected_when_kickoff_already_past" time="0.059" /><testcase classname="backend.tests.backend_test.TestPredictionLockRule" name="test_rejected_exactly_at_lock_boundary" time="0.060" /><testcase classname="backend.tests.backend_test.TestAwards" name="test_submit_awards" time="0.111" /><testcase classname="backend.tests.backend_test.TestAwards" name="test_awards_requires_auth" time="0.105" /><testcase classname="backend.tests.backend_test.TestLeaderboard" name="test_global_leaderboard" time="0.106" /><testcase classname="backend.tests.backend_test.TestLeaderboardCleanliness" name="test_only_real_users_present" time="0.000" /><testcase classname="backend.tests.backend_test.TestLeaderboardCleanliness" name="test_leaderboard_row_shape" time="0.095" /><testcase classname="backend.tests.backend_test.TestAdminScoring" name="test_admin_stats_requires_admin" time="0.062" /><testcase classname="backend.tests.backend_test.TestAdminScoring" name="test_admin_stats_ok" time="0.362" /><testcase classname="backend.tests.backend_test.TestAdminScoring" name="test_admin_non_admin_set_result_forbidden" time="0.063" /><testcase classname="backend.tests.backend_test.TestAdminScoring" name="test_scoring_math_three_users" time="1.399" /><testcase classname="backend.tests.backend_test.TestAdminScoring" name="test_admin_award_winners_scoring" time="0.571" /></testsuite></testsuites>